2024-10-19 15:32:26,787 - INFO - Bot has started.

2024-10-19 15:32:26,865 - INFO - Starting the bot.

2024-10-19 15:33:52,371 - INFO - Bot has started.

2024-10-19 15:33:52,449 - INFO - Starting the bot.

2024-10-19 15:34:01,001 - INFO - New member Lusine Torosyan (ID: 2113013993) joined the group test.

2024-10-19 15:34:02,135 - ERROR - Forbidden: Cannot send a message to user Lusine Torosyan (ID: 2113013993). Exception: Forbidden: bot can't initiate conversation with a user

2024-10-19 15:34:42,668 - INFO - Bot has started.

2024-10-19 15:34:42,745 - INFO - Starting the bot.

2024-10-19 15:34:53,577 - INFO - New member Lusine Torosyan (ID: 2113013993) joined the group test.

2024-10-19 15:34:54,431 - ERROR - Forbidden: Cannot send a message to user Lusine Torosyan (ID: 2113013993). Exception: Forbidden: bot can't initiate conversation with a user

2024-10-19 15:35:40,848 - INFO - Bot has started.

2024-10-19 15:35:40,928 - INFO - Starting the bot.

2024-10-19 15:35:52,741 - INFO - New member Lusine Torosyan (ID: 2113013993) joined the group test.

2024-10-19 15:35:53,603 - ERROR - Forbidden: Cannot send a message to user Lusine Torosyan (ID: 2113013993). Exception: Forbidden: bot can't initiate conversation with a user

2024-10-19 15:36:24,888 - INFO - Bot has started.

2024-10-19 15:36:24,965 - INFO - Starting the bot.

2024-10-19 15:36:33,385 - INFO - New member Lusine Torosyan (ID: 2113013993) joined the group test.

2024-10-19 15:36:34,413 - ERROR - Forbidden: Cannot send a message to user Lusine Torosyan (ID: 2113013993). Exception: Forbidden: bot can't initiate conversation with a user

2024-10-19 17:16:11,880 - INFO - Bot has started.

2024-10-19 17:16:11,956 - INFO - Starting the bot.

2024-10-19 17:16:26,174 - INFO - New member Lusine Torosyan (ID: 2113013993) joined the group test.

2024-10-19 17:16:27,310 - ERROR - Forbidden: Cannot send a message to user Lusine Torosyan (ID: 2113013993). Exception: Forbidden: bot can't initiate conversation with a user

2024-10-19 17:16:45,176 - INFO - Bot has started.

2024-10-19 17:16:45,255 - INFO - Starting the bot.

2024-10-19 17:16:55,769 - INFO - New member Lusine Torosyan (ID: 2113013993) joined the group test.

2024-10-19 17:16:57,125 - ERROR - Forbidden: Cannot send a message to user Lusine Torosyan (ID: 2113013993). Exception: Forbidden: bot can't initiate conversation with a user

2024-10-19 17:17:41,088 - INFO - Bot has started.

2024-10-19 17:17:41,164 - INFO - Starting the bot.

2024-10-19 17:17:52,426 - INFO - New member Lusine Torosyan (ID: 2113013993) joined the group test.

2024-10-19 17:17:53,455 - WARNING - User Lusine (ID: 2113013993) was banned due to an invalid profile photo.

2024-10-19 17:24:32,557 - INFO - New member Lusine Torosyan (ID: 2113013993) joined the group test.

2024-10-19 17:24:33,411 - WARNING - User Lusine (ID: 2113013993) was banned due to an invalid profile photo.

2024-10-19 17:25:14,923 - INFO - New member Lusine Torosyan (ID: 2113013993) joined the group test.

2024-10-19 17:25:15,403 - ERROR - Forbidden: Cannot send a message to user Lusine Torosyan (ID: 2113013993). Exception: Forbidden: bot was blocked by the user

2024-10-19 17:25:31,999 - INFO - Bot has started.

2024-10-19 17:25:32,075 - INFO - Starting the bot.

2024-10-19 17:25:44,007 - INFO - New member Lusine Torosyan (ID: 2113013993) joined the group test.

2024-10-19 17:25:44,550 - ERROR - Forbidden: Cannot send a message to user Lusine Torosyan (ID: 2113013993). Exception: Forbidden: bot was blocked by the user

2024-10-19 17:28:40,887 - INFO - Bot has started.

2024-10-19 17:28:40,968 - INFO - Starting the bot.

2024-10-19 17:28:52,775 - INFO - New member Lusine Torosyan (ID: 2113013993) joined the group test.

2024-10-19 17:28:53,239 - ERROR - Forbidden: Cannot send a message to user Lusine Torosyan (ID: 2113013993). Exception: Forbidden: bot was blocked by the user

2024-10-19 17:31:14,671 - INFO - Bot has started.

2024-10-19 17:31:14,747 - INFO - Starting the bot.

2024-10-19 17:40:40,863 - INFO - Bot has started.

2024-10-19 17:40:40,943 - INFO - Starting the bot.

2024-10-19 17:41:01,589 - INFO - New member Lusine Torosyan (ID: 2113013993) joined the group test.

2024-10-19 17:41:02,118 - ERROR - Forbidden: Cannot send a message to user Lusine Torosyan (ID: 2113013993). Exception: Forbidden: bot was blocked by the user

2024-10-19 17:42:10,480 - INFO - Bot has started.

2024-10-19 17:42:10,556 - INFO - Starting the bot.

2024-10-19 17:42:27,183 - INFO - New member Lusine Torosyan (ID: 2113013993) joined the group test.

2024-10-19 17:42:27,828 - ERROR - Forbidden: Cannot send a message to user Lusine Torosyan (ID: 2113013993). Exception: Forbidden: bot was blocked by the user

